<?xml version="1.0" encoding="UTF-8"?>
<coverage generated="1624349663670" clover="3.2.0">
  <project timestamp="1624349663670" name="All files">
    <metrics statements="3" coveredstatements="3" conditionals="4" coveredconditionals="4" methods="1" coveredmethods="1" elements="8" coveredelements="8" complexity="0" loc="3" ncloc="3" packages="1" files="1" classes="1"/>
    <file name="gatsby-node.js" path="/Users/kevin/Sites/boss-personal-planner/src/plugins/gatsby-prismic-reading-time/src/gatsby-node.js">
      <metrics statements="3" coveredstatements="3" conditionals="4" coveredconditionals="4" methods="1" coveredmethods="1"/>
      <line num="4" count="2" type="stmt"/>
      <line num="5" count="2" type="cond" truecount="4" falsecount="0"/>
      <line num="6" count="1" type="stmt"/>
    </file>
  </project>
</coverage>
