{"/Users/kevin/Sites/boss-personal-planner/src/plugins/gatsby-prismic-reading-time/src/gatsby-node.js": {"path":"/Users/kevin/Sites/boss-personal-planner/src/plugins/gatsby-prismic-reading-time/src/gatsby-node.js","statementMap":{"0":{"start":{"line":4,"column":28},"end":{"line":4,"column":35}},"1":{"start":{"line":5,"column":2},"end":{"line":11,"column":3}},"2":{"start":{"line":6,"column":4},"end":{"line":10,"column":7}}},"fnMap":{"0":{"name":"onCreateNode","decl":{"start":{"line":3,"column":16},"end":{"line":3,"column":28}},"loc":{"start":{"line":3,"column":46},"end":{"line":12,"column":1}},"line":3}},"branchMap":{"0":{"loc":{"start":{"line":5,"column":2},"end":{"line":11,"column":3}},"type":"if","locations":[{"start":{"line":5,"column":2},"end":{"line":11,"column":3}},{"start":{"line":5,"column":2},"end":{"line":11,"column":3}}],"line":5},"1":{"loc":{"start":{"line":5,"column":6},"end":{"line":5,"column":56}},"type":"binary-expr","locations":[{"start":{"line":5,"column":6},"end":{"line":5,"column":26}},{"start":{"line":5,"column":30},"end":{"line":5,"column":56}}],"line":5}},"s":{"0":2,"1":2,"2":1},"f":{"0":2},"b":{"0":[1,1],"1":[2,1]},"_coverageSchema":"1a1c01bbd47fc00a2c39e90264f33305004495a9","hash":"6ae5df646922b1a3680ee52734b924826e544ac7"}
}
